<?xml version="1.0" encoding="UTF-8"?>
<!-- Generated by org.testng.reporters.JUnitReportReporter -->
<testsuite hostname="LAPTOP-JV9ABTHT" failures="0" tests="11" name="Infosys.Ecommarce.TestEHomepageFirefox" time="55.533" errors="0" timestamp="30 Jun 2021 16:15:23 GMT" skipped="0">
  <testcase classname="Infosys.Ecommarce.TestEHomepageFirefox" name="verifysearchbutton" time="1.613"/>
  <testcase classname="Infosys.Ecommarce.TestEHomepageFirefox" name="verifysearchbar" time="0.184"/>
  <testcase classname="Infosys.Ecommarce.TestEHomepageFirefox" name="verifysearchbarclick" time="1.056"/>
  <testcase classname="Infosys.Ecommarce.TestEHomepageFirefox" name="verifyFilterColour" time="3.706"/>
  <testcase classname="Infosys.Ecommarce.TestEHomepageFirefox" name="verifyFilterSize" time="5.382"/>
  <testcase classname="Infosys.Ecommarce.TestEHomepageFirefox" name="verifyRelevance" time="1.752"/>
  <testcase classname="Infosys.Ecommarce.TestEHomepageFirefox" name="verifychoice" time="20.467"/>
  <testcase classname="Infosys.Ecommarce.TestEHomepageFirefox" name="verifySelectColour" time="4.316"/>
  <testcase classname="Infosys.Ecommarce.TestEHomepageFirefox" name="verifySelectSize" time="0.311"/>
  <testcase classname="Infosys.Ecommarce.TestEHomepageFirefox" name="verifyAddToCart" time="11.553"/>
  <testcase classname="Infosys.Ecommarce.TestEHomepageFirefox" name="ChekCart" time="5.193"/>
</testsuite> <!-- Infosys.Ecommarce.TestEHomepageFirefox -->
